<?xml version="1.0" encoding="UTF-8"?>
<!-- Generated by org.testng.reporters.JUnitXMLReporter -->
<testsuite ignored="0" hostname="LAPTOP-4K66F0EQ" failures="0" tests="6" name="Regression" time="0.085" errors="0" timestamp="2021-07-08T14:52:55 SGT">
  <testcase classname="qaclickacademy.AppiumTest" name="IOSApp" time="0.013"/>
  <testcase classname="qaclickacademy.AppiumTest" name="NativeAppAndroid" time="0.001"/>
  <testcase classname="qaclickacademy.SeleniumTest" name="BrowserAutomation" time="0.001"/>
  <testcase classname="qaclickacademy.SeleniumTest" name="ElementsUI" time="0.001"/>
  <testcase classname="qaclickacademy.RestAPITest" name="PostJira" time="0.001"/>
  <testcase classname="qaclickacademy.RestAPITest" name="TwitterDelete" time="0.001"/>
</testsuite> <!-- Regression -->
