<?xml version="1.0" encoding="UTF-8"?>
<!-- Generated by org.testng.reporters.JUnitXMLReporter -->
<testsuite ignored="0" hostname="LAPTOP-4K66F0EQ" failures="0" tests="4" name="Smoke" time="0.029" errors="0" timestamp="28 Jun 2021 09:51:51 GMT">
  <testcase classname="qaclickacademy.AppiumTest" name="IOSApp" time="0.007"/>
  <testcase classname="qaclickacademy.AppiumTest" name="NativeAppAndroid" time="0.0"/>
  <testcase classname="qaclickacademy.SeleniumTest" name="BrowserAutomation" time="0.0"/>
  <testcase classname="qaclickacademy.SeleniumTest" name="ElementsUI" time="0.0"/>
</testsuite> <!-- Smoke -->
