<?xml version="1.0" encoding="UTF-8"?>
<!-- Generated by org.testng.reporters.JUnitXMLReporter -->
<testsuite ignored="0" hostname="LAPTOP-4K66F0EQ" failures="0" tests="6" name="TestNG" time="0.044" errors="0" timestamp="28 Jun 2021 08:34:35 GMT">
  <testcase classname="qaclickacademy.AppiumTest" name="IOSApp" time="0.012"/>
  <testcase classname="qaclickacademy.AppiumTest" name="NativeAppAndroid" time="0.0"/>
  <testcase classname="qaclickacademy.SeleniumTest" name="BrowserAutomation" time="0.001"/>
  <testcase classname="qaclickacademy.SeleniumTest" name="ElementsUI" time="0.0"/>
  <testcase classname="qaclickacademy.RestAPITest" name="PostJira" time="0.001"/>
  <testcase classname="qaclickacademy.RestAPITest" name="TwitterDelete" time="0.001"/>
</testsuite> <!-- TestNG -->
