<?xml version="1.0" encoding="UTF-8"?>
<testng-results ignored="0" total="6" passed="6" failed="0" skipped="0">
  <reporter-output>
  </reporter-output>
  <suite started-at="2021-07-08T14:52:55 SGT" name="Suite" finished-at="2021-07-08T14:52:55 SGT" duration-ms="85">
    <groups>
    </groups>
    <test started-at="2021-07-08T14:52:55 SGT" name="Regression" finished-at="2021-07-08T14:52:55 SGT" duration-ms="85">
      <class name="qaclickacademy.AppiumTest">
        <test-method signature="IOSApp()[pri:0, instance:qaclickacademy.AppiumTest@460d0a57]" started-at="2021-07-08T14:52:55 SGT" name="IOSApp" finished-at="2021-07-08T14:52:55 SGT" duration-ms="13" status="PASS">
          <reporter-output>
          </reporter-output>
        </test-method> <!-- IOSApp -->
        <test-method signature="NativeAppAndroid()[pri:0, instance:qaclickacademy.AppiumTest@460d0a57]" started-at="2021-07-08T14:52:55 SGT" name="NativeAppAndroid" finished-at="2021-07-08T14:52:55 SGT" duration-ms="1" status="PASS">
          <reporter-output>
          </reporter-output>
        </test-method> <!-- NativeAppAndroid -->
      </class> <!-- qaclickacademy.AppiumTest -->
      <class name="qaclickacademy.RestAPITest">
        <test-method signature="PostJira()[pri:0, instance:qaclickacademy.RestAPITest@1184ab05]" started-at="2021-07-08T14:52:55 SGT" name="PostJira" finished-at="2021-07-08T14:52:55 SGT" duration-ms="1" status="PASS">
          <reporter-output>
          </reporter-output>
        </test-method> <!-- PostJira -->
        <test-method signature="TwitterDelete()[pri:0, instance:qaclickacademy.RestAPITest@1184ab05]" started-at="2021-07-08T14:52:55 SGT" name="TwitterDelete" finished-at="2021-07-08T14:52:55 SGT" duration-ms="1" status="PASS">
          <reporter-output>
          </reporter-output>
        </test-method> <!-- TwitterDelete -->
      </class> <!-- qaclickacademy.RestAPITest -->
      <class name="qaclickacademy.SeleniumTest">
        <test-method signature="BrowserAutomation()[pri:0, instance:qaclickacademy.SeleniumTest@47d90b9e]" started-at="2021-07-08T14:52:55 SGT" name="BrowserAutomation" finished-at="2021-07-08T14:52:55 SGT" duration-ms="1" status="PASS">
          <reporter-output>
          </reporter-output>
        </test-method> <!-- BrowserAutomation -->
        <test-method signature="ElementsUI()[pri:0, instance:qaclickacademy.SeleniumTest@47d90b9e]" started-at="2021-07-08T14:52:55 SGT" name="ElementsUI" finished-at="2021-07-08T14:52:55 SGT" duration-ms="1" status="PASS">
          <reporter-output>
          </reporter-output>
        </test-method> <!-- ElementsUI -->
      </class> <!-- qaclickacademy.SeleniumTest -->
    </test> <!-- Regression -->
  </suite> <!-- Suite -->
</testng-results>
